<?xml version="1.0" encoding="UTF-8"?>
<!-- Generated by org.testng.reporters.JUnitXMLReporter -->
<testsuite ignored="2" hostname="hsudarshan-a01.vmware.com" failures="2" tests="12" name="createPets" time="4.012" errors="0" timestamp="2022-09-18T17:48:55 IST">
  <testcase classname="com.sample.api.tests.PetsTests" name="createPetsTest" time="2.573"/>
  <testcase classname="com.sample.api.tests.PetsTests" name="createPetsTest" time="2.572"/>
  <testcase classname="com.sample.api.tests.PetsTests" name="createPetsTest" time="2.573"/>
  <testcase classname="com.sample.api.tests.PetsTests" name="createPetsTest" time="2.573"/>
  <testcase classname="com.sample.api.tests.PetsTests" name="createPetsTest" time="2.573"/>
  <testcase classname="com.sample.api.tests.PetsTests" name="createPetsTest" time="2.574"/>
  <testcase classname="com.sample.api.tests.PetsTests" name="createPetsTest" time="2.573"/>
  <testcase classname="com.sample.api.tests.PetsTests" name="createPetsTest" time="2.573"/>
  <testcase classname="com.sample.api.tests.PetsTests" name="createPetsTest" time="2.577">
    <failure type="java.lang.AssertionError" message="created and actual pet are not matching expected [Pet(id=73699, category=PetsCategory(id=66448, name=trout), name=Oren Jellow, photoUrls=null, tags=[PetTag(id=89742, name=Blake Simonis)], status=Available)] but found [Pet(id=73699, category=PetsCategory(id=66448, name=trout), name=Oren Jellow, photoUrls=[], tags=[PetTag(id=89742, name=Blake Simonis)], status=Available)]">
      <![CDATA[java.lang.AssertionError: created and actual pet are not matching expected [Pet(id=73699, category=PetsCategory(id=66448, name=trout), name=Oren Jellow, photoUrls=null, tags=[PetTag(id=89742, name=Blake Simonis)], status=Available)] but found [Pet(id=73699, category=PetsCategory(id=66448, name=trout), name=Oren Jellow, photoUrls=[], tags=[PetTag(id=89742, name=Blake Simonis)], status=Available)]
at com.sample.api.assertions.PetsAPIAssertions.assertCreatePetResponse(PetsAPIAssertions.java:38)
at com.sample.api.tests.PetsTests.createPetsTest(PetsTests.java:152)
at java.base/java.util.concurrent.FutureTask.run(FutureTask.java:264)
at java.base/java.util.concurrent.Executors$RunnableAdapter.call(Executors.java:539)
at java.base/java.util.concurrent.FutureTask.run(FutureTask.java:264)
at java.base/java.util.concurrent.ThreadPoolExecutor.runWorker(ThreadPoolExecutor.java:1136)
at java.base/java.util.concurrent.ThreadPoolExecutor$Worker.run(ThreadPoolExecutor.java:635)
at java.base/java.lang.Thread.run(Thread.java:833)
... Removed 11 stack frames]]>
    </failure>
  </testcase> <!-- createPetsTest -->
  <testcase classname="com.sample.api.tests.PetsTests" name="createPetsTest" time="2.577">
    <failure type="java.lang.AssertionError" message="created and actual pet are not matching expected [Pet(id=2187, category=PetsCategory(id=53045, name=hamster), name=Jeanette Akenja Nearing, photoUrls=[www.darin-olson.info, www.mack-jast.name], tags=null, status=Available)] but found [Pet(id=2187, category=PetsCategory(id=53045, name=hamster), name=Jeanette Akenja Nearing, photoUrls=[www.darin-olson.info, www.mack-jast.name], tags=[], status=Available)]">
      <![CDATA[java.lang.AssertionError: created and actual pet are not matching expected [Pet(id=2187, category=PetsCategory(id=53045, name=hamster), name=Jeanette Akenja Nearing, photoUrls=[www.darin-olson.info, www.mack-jast.name], tags=null, status=Available)] but found [Pet(id=2187, category=PetsCategory(id=53045, name=hamster), name=Jeanette Akenja Nearing, photoUrls=[www.darin-olson.info, www.mack-jast.name], tags=[], status=Available)]
at com.sample.api.assertions.PetsAPIAssertions.assertCreatePetResponse(PetsAPIAssertions.java:38)
at com.sample.api.tests.PetsTests.createPetsTest(PetsTests.java:152)
at java.base/java.util.concurrent.FutureTask.run(FutureTask.java:264)
at java.base/java.util.concurrent.Executors$RunnableAdapter.call(Executors.java:539)
at java.base/java.util.concurrent.FutureTask.run(FutureTask.java:264)
at java.base/java.util.concurrent.ThreadPoolExecutor.runWorker(ThreadPoolExecutor.java:1136)
at java.base/java.util.concurrent.ThreadPoolExecutor$Worker.run(ThreadPoolExecutor.java:635)
at java.base/java.lang.Thread.run(Thread.java:833)
... Removed 11 stack frames]]>
    </failure>
  </testcase> <!-- createPetsTest -->
  <testcase classname="com.sample.api.tests.PetsTests" name="createPetsTest" time="1.388"/>
  <testcase classname="com.sample.api.tests.PetsTests" name="createPetsTest" time="1.388"/>
  <testcase classname="com.sample.api.tests.PetsTests" name="updatePetsTest" time="0.0">
    <ignored/>
  </testcase> <!-- updatePetsTest -->
  <testcase classname="com.sample.api.tests.PetsTests" name="getPetsByStatusTest" time="0.0">
    <ignored/>
  </testcase> <!-- getPetsByStatusTest -->
</testsuite> <!-- createPets -->
