<!DOCTYPE html PUBLIC "-//W3C//DTD XHTML 1.1//EN" "https://www.w3.org/TR/xhtml11/DTD/xhtml11.dtd">
<html xmlns="https://www.w3.org/1999/xhtml">
<head>
<meta http-equiv="content-type" content="text/html; charset=UTF-8"/>
<title>TestNG Report</title>
<style type="text/css">table {margin-bottom:10px;border-collapse:collapse;empty-cells:show}th,td {border:1px solid #009;padding:.25em .5em}th {vertical-align:bottom}td {vertical-align:top}table a {font-weight:bold}.stripe td {background-color: #E6EBF9}.num {text-align:right}.passedodd td {background-color: #3F3}.passedeven td {background-color: #0A0}.skippedodd td {background-color: #DDD}.skippedeven td {background-color: #CCC}.failedodd td,.attn {background-color: #F33}.failedeven td,.stripe .attn {background-color: #D00}.stacktrace {white-space:pre;font-family:monospace}.totop {font-size:85%;text-align:center;border-bottom:2px solid #000}.invisible {display:none}</style>
</head>
<body>
<table>
<tr><th>Test</th><th># Passed</th><th># Skipped</th><th># Retried</th><th># Failed</th><th>Time (ms)</th><th>Included Groups</th><th>Excluded Groups</th></tr>
<tr><th colspan="8">Pets api Regression</th></tr>
<tr><td><a href="#t0">createPets</a></td><td class="num">10</td><td class="num">0</td><td class="num">0</td><td class="num attn">2</td><td class="num">4,012</td><td></td><td></td></tr>
<tr class="stripe"><td><a href="#t1">getPetsByStatus</a></td><td class="num">6</td><td class="num">0</td><td class="num">0</td><td class="num">0</td><td class="num">4,185</td><td></td><td></td></tr>
<tr><th colspan="8">all suites</th></tr>
<tr><th colspan="8">users api Regression</th></tr>
<tr><td><a href="#t2">getUsers</a></td><td class="num">3</td><td class="num">0</td><td class="num">0</td><td class="num">0</td><td class="num">2,761</td><td></td><td></td></tr>
<tr class="stripe"><td><a href="#t3">updateUsers</a></td><td class="num">2</td><td class="num">0</td><td class="num">0</td><td class="num attn">1</td><td class="num">4,076</td><td></td><td></td></tr>
<tr><td><a href="#t4">createUsers</a></td><td class="num">2</td><td class="num">0</td><td class="num">0</td><td class="num attn">4</td><td class="num">5,373</td><td></td><td></td></tr>
<tr><th>Total</th><th class="num">23</th><th class="num">0</th><th class="num">0</th><th class="num attn">7</th><th class="num">20,407</th><th colspan="2"></th></tr>
</table>
<table id='summary'><thead><tr><th>Class</th><th>Method</th><th>Start</th><th>Time (ms)</th></tr></thead><tbody><tr><th colspan="4">Pets api Regression</th></tr></tbody><tbody id="t0"><tr><th colspan="4">createPets &#8212; failed</th></tr><tr class="failedeven"><td rowspan="2">com.sample.api.tests.PetsTests</td><td><a href="#m0">createPetsTest</a></td><td rowspan="2">1663503531741</td><td rowspan="2">2577</td></tr><tr class="failedeven"><td><a href="#m1">createPetsTest</a></td></tr><tr><th colspan="4">createPets &#8212; passed</th></tr><tr class="passedeven"><td rowspan="10">com.sample.api.tests.PetsTests</td><td><a href="#m2">createPetsTest</a></td><td rowspan="10">1663503531742</td><td rowspan="10">2572</td></tr><tr class="passedeven"><td><a href="#m3">createPetsTest</a></td></tr><tr class="passedeven"><td><a href="#m4">createPetsTest</a></td></tr><tr class="passedeven"><td><a href="#m5">createPetsTest</a></td></tr><tr class="passedeven"><td><a href="#m6">createPetsTest</a></td></tr><tr class="passedeven"><td><a href="#m7">createPetsTest</a></td></tr><tr class="passedeven"><td><a href="#m8">createPetsTest</a></td></tr><tr class="passedeven"><td><a href="#m9">createPetsTest</a></td></tr><tr class="passedeven"><td><a href="#m10">createPetsTest</a></td></tr><tr class="passedeven"><td><a href="#m11">createPetsTest</a></td></tr></tbody>
<tbody id="t1"><tr><th colspan="4">getPetsByStatus &#8212; passed</th></tr><tr class="passedeven"><td rowspan="6">com.sample.api.tests.PetsTests</td><td><a href="#m12">getPetsByStatusTest</a></td><td rowspan="6">1663503535771</td><td rowspan="6">4143</td></tr><tr class="passedeven"><td><a href="#m13">getPetsByStatusTest</a></td></tr><tr class="passedeven"><td><a href="#m14">getPetsByStatusTest</a></td></tr><tr class="passedeven"><td><a href="#m15">getPetsByStatusTest</a></td></tr><tr class="passedeven"><td><a href="#m16">getPetsByStatusTest</a></td></tr><tr class="passedeven"><td><a href="#m17">getPetsByStatusTest</a></td></tr></tbody>
<tbody><tr><th colspan="4">all suites</th></tr></tbody><tbody><tr><th colspan="4">users api Regression</th></tr></tbody><tbody id="t2"><tr><th colspan="4">getUsers &#8212; passed</th></tr><tr class="passedeven"><td rowspan="3">com.sample.api.tests.UsersTests</td><td><a href="#m18">getUsersTest</a></td><td rowspan="3">1663503540023</td><td rowspan="3">1346</td></tr><tr class="passedeven"><td><a href="#m19">getUsersTest</a></td></tr><tr class="passedeven"><td><a href="#m20">getUsersTest</a></td></tr></tbody>
<tbody id="t3"><tr><th colspan="4">updateUsers &#8212; failed</th></tr><tr class="failedeven"><td rowspan="1">com.sample.api.tests.UsersTests</td><td><a href="#m21">updateUsersTest</a></td><td rowspan="1">1663503540023</td><td rowspan="1">1362</td></tr><tr><th colspan="4">updateUsers &#8212; passed</th></tr><tr class="passedeven"><td rowspan="2">com.sample.api.tests.UsersTests</td><td><a href="#m22">updateUsersTest</a></td><td rowspan="2">1663503540025</td><td rowspan="2">3976</td></tr><tr class="passedeven"><td><a href="#m23">updateUsersTest</a></td></tr></tbody>
<tbody id="t4"><tr><th colspan="4">createUsers &#8212; failed</th></tr><tr class="failedeven"><td rowspan="4">com.sample.api.tests.UsersTests</td><td><a href="#m24">createUsersTest</a></td><td rowspan="4">1663503540024</td><td rowspan="4">1328</td></tr><tr class="failedeven"><td><a href="#m25">createUsersTest</a></td></tr><tr class="failedeven"><td><a href="#m26">createUsersTest</a></td></tr><tr class="failedeven"><td><a href="#m27">createUsersTest</a></td></tr><tr><th colspan="4">createUsers &#8212; passed</th></tr><tr class="passedeven"><td rowspan="2">com.sample.api.tests.UsersTests</td><td><a href="#m28">createUsersTest</a></td><td rowspan="2">1663503540023</td><td rowspan="2">5274</td></tr><tr class="passedeven"><td><a href="#m29">createUsersTest</a></td></tr></tbody>
</table>
<h2>createPets</h2><h3 id="m0">com.sample.api.tests.PetsTests#createPetsTest</h3><table class="result"><tr class="param"><th>Parameter #1</th><th>Parameter #2</th><th>Parameter #3</th><th>Parameter #4</th><th>Parameter #5</th><th>Parameter #6</th></tr><tr class="param stripe"><td>9</td><td>Missing_tags</td><td>ALL_VALID</td><td>200</td><td></td><td>org.testng.TestRunner@176c5469</td></tr><tr><th colspan="6">Exception</th></tr><tr><td colspan="6"><div class="stacktrace">java.lang.AssertionError: created and actual pet are not matching expected [Pet(id=2187, category=PetsCategory(id=53045, name=hamster), name=Jeanette Akenja Nearing, photoUrls=[www.darin-olson.info, www.mack-jast.name], tags=null, status=Available)] but found [Pet(id=2187, category=PetsCategory(id=53045, name=hamster), name=Jeanette Akenja Nearing, photoUrls=[www.darin-olson.info, www.mack-jast.name], tags=[], status=Available)]
	at com.sample.api.assertions.PetsAPIAssertions.assertCreatePetResponse(PetsAPIAssertions.java:38)
	at com.sample.api.tests.PetsTests.createPetsTest(PetsTests.java:152)
	at java.base/java.util.concurrent.FutureTask.run(FutureTask.java:264)
	at java.base/java.util.concurrent.Executors$RunnableAdapter.call(Executors.java:539)
	at java.base/java.util.concurrent.FutureTask.run(FutureTask.java:264)
	at java.base/java.util.concurrent.ThreadPoolExecutor.runWorker(ThreadPoolExecutor.java:1136)
	at java.base/java.util.concurrent.ThreadPoolExecutor$Worker.run(ThreadPoolExecutor.java:635)
	at java.base/java.lang.Thread.run(Thread.java:833)
... Removed 11 stack frames</div></td></tr></table><p class="totop"><a href="#summary">back to summary</a></p>
<h3 id="m1">com.sample.api.tests.PetsTests#createPetsTest</h3><table class="result"><tr class="param"><th>Parameter #1</th><th>Parameter #2</th><th>Parameter #3</th><th>Parameter #4</th><th>Parameter #5</th><th>Parameter #6</th></tr><tr class="param stripe"><td>6</td><td>missing_photoUrls</td><td>ALL_VALID</td><td>200</td><td></td><td>org.testng.TestRunner@176c5469</td></tr><tr><th colspan="6">Exception</th></tr><tr><td colspan="6"><div class="stacktrace">java.lang.AssertionError: created and actual pet are not matching expected [Pet(id=73699, category=PetsCategory(id=66448, name=trout), name=Oren Jellow, photoUrls=null, tags=[PetTag(id=89742, name=Blake Simonis)], status=Available)] but found [Pet(id=73699, category=PetsCategory(id=66448, name=trout), name=Oren Jellow, photoUrls=[], tags=[PetTag(id=89742, name=Blake Simonis)], status=Available)]
	at com.sample.api.assertions.PetsAPIAssertions.assertCreatePetResponse(PetsAPIAssertions.java:38)
	at com.sample.api.tests.PetsTests.createPetsTest(PetsTests.java:152)
	at java.base/java.util.concurrent.FutureTask.run(FutureTask.java:264)
	at java.base/java.util.concurrent.Executors$RunnableAdapter.call(Executors.java:539)
	at java.base/java.util.concurrent.FutureTask.run(FutureTask.java:264)
	at java.base/java.util.concurrent.ThreadPoolExecutor.runWorker(ThreadPoolExecutor.java:1136)
	at java.base/java.util.concurrent.ThreadPoolExecutor$Worker.run(ThreadPoolExecutor.java:635)
	at java.base/java.lang.Thread.run(Thread.java:833)
... Removed 11 stack frames</div></td></tr></table><p class="totop"><a href="#summary">back to summary</a></p>
<h3 id="m2">com.sample.api.tests.PetsTests#createPetsTest</h3><table class="result"><tr class="param"><th>Parameter #1</th><th>Parameter #2</th><th>Parameter #3</th><th>Parameter #4</th><th>Parameter #5</th><th>Parameter #6</th></tr><tr class="param stripe"><td>3</td><td>null_id</td><td>ALL_VALID</td><td>200</td><td></td><td>org.testng.TestRunner@176c5469</td></tr></table><p class="totop"><a href="#summary">back to summary</a></p>
<h3 id="m3">com.sample.api.tests.PetsTests#createPetsTest</h3><table class="result"><tr class="param"><th>Parameter #1</th><th>Parameter #2</th><th>Parameter #3</th><th>Parameter #4</th><th>Parameter #5</th><th>Parameter #6</th></tr><tr class="param stripe"><td>8</td><td>Missing_category_id</td><td>ALL_VALID</td><td>200</td><td></td><td>org.testng.TestRunner@176c5469</td></tr></table><p class="totop"><a href="#summary">back to summary</a></p>
<h3 id="m4">com.sample.api.tests.PetsTests#createPetsTest</h3><table class="result"><tr class="param"><th>Parameter #1</th><th>Parameter #2</th><th>Parameter #3</th><th>Parameter #4</th><th>Parameter #5</th><th>Parameter #6</th></tr><tr class="param stripe"><td>7</td><td>empty_photoUrls</td><td>ALL_VALID</td><td>200</td><td></td><td>org.testng.TestRunner@176c5469</td></tr></table><p class="totop"><a href="#summary">back to summary</a></p>
<h3 id="m5">com.sample.api.tests.PetsTests#createPetsTest</h3><table class="result"><tr class="param"><th>Parameter #1</th><th>Parameter #2</th><th>Parameter #3</th><th>Parameter #4</th><th>Parameter #5</th><th>Parameter #6</th></tr><tr class="param stripe"><td>1</td><td>ValidPet</td><td>ALL_VALID</td><td>200</td><td></td><td>org.testng.TestRunner@176c5469</td></tr></table><p class="totop"><a href="#summary">back to summary</a></p>
<h3 id="m6">com.sample.api.tests.PetsTests#createPetsTest</h3><table class="result"><tr class="param"><th>Parameter #1</th><th>Parameter #2</th><th>Parameter #3</th><th>Parameter #4</th><th>Parameter #5</th><th>Parameter #6</th></tr><tr class="param stripe"><td>2</td><td>Missing_id</td><td>ALL_VALID</td><td>200</td><td></td><td>org.testng.TestRunner@176c5469</td></tr></table><p class="totop"><a href="#summary">back to summary</a></p>
<h3 id="m7">com.sample.api.tests.PetsTests#createPetsTest</h3><table class="result"><tr class="param"><th>Parameter #1</th><th>Parameter #2</th><th>Parameter #3</th><th>Parameter #4</th><th>Parameter #5</th><th>Parameter #6</th></tr><tr class="param stripe"><td>4</td><td>null_status</td><td>ALL_VALID</td><td>200</td><td></td><td>org.testng.TestRunner@176c5469</td></tr></table><p class="totop"><a href="#summary">back to summary</a></p>
<h3 id="m8">com.sample.api.tests.PetsTests#createPetsTest</h3><table class="result"><tr class="param"><th>Parameter #1</th><th>Parameter #2</th><th>Parameter #3</th><th>Parameter #4</th><th>Parameter #5</th><th>Parameter #6</th></tr><tr class="param stripe"><td>10</td><td>Missing_tags_id</td><td>ALL_VALID</td><td>200</td><td></td><td>org.testng.TestRunner@176c5469</td></tr></table><p class="totop"><a href="#summary">back to summary</a></p>
<h3 id="m9">com.sample.api.tests.PetsTests#createPetsTest</h3><table class="result"><tr class="param"><th>Parameter #1</th><th>Parameter #2</th><th>Parameter #3</th><th>Parameter #4</th><th>Parameter #5</th><th>Parameter #6</th></tr><tr class="param stripe"><td>5</td><td>missing_status</td><td>ALL_VALID</td><td>200</td><td></td><td>org.testng.TestRunner@176c5469</td></tr></table><p class="totop"><a href="#summary">back to summary</a></p>
<h3 id="m10">com.sample.api.tests.PetsTests#createPetsTest</h3><table class="result"><tr class="param"><th>Parameter #1</th><th>Parameter #2</th><th>Parameter #3</th><th>Parameter #4</th><th>Parameter #5</th><th>Parameter #6</th></tr><tr class="param stripe"><td>12</td><td>pending_status</td><td>ALL_VALID</td><td>200</td><td></td><td>org.testng.TestRunner@176c5469</td></tr></table><p class="totop"><a href="#summary">back to summary</a></p>
<h3 id="m11">com.sample.api.tests.PetsTests#createPetsTest</h3><table class="result"><tr class="param"><th>Parameter #1</th><th>Parameter #2</th><th>Parameter #3</th><th>Parameter #4</th><th>Parameter #5</th><th>Parameter #6</th></tr><tr class="param stripe"><td>11</td><td>available_status</td><td>ALL_VALID</td><td>200</td><td></td><td>org.testng.TestRunner@176c5469</td></tr></table><p class="totop"><a href="#summary">back to summary</a></p>
<h2>getPetsByStatus</h2><h3 id="m12">com.sample.api.tests.PetsTests#getPetsByStatusTest</h3><table class="result"><tr class="param"><th>Parameter #1</th><th>Parameter #2</th><th>Parameter #3</th><th>Parameter #4</th><th>Parameter #5</th><th>Parameter #6</th><th>Parameter #7</th><th>Parameter #8</th></tr><tr class="param stripe"><td>3</td><td>pending_status</td><td>2</td><td>pending</td><td>ALL_VALID</td><td>200</td><td></td><td>org.testng.TestRunner@621b2650</td></tr></table><p class="totop"><a href="#summary">back to summary</a></p>
<h3 id="m13">com.sample.api.tests.PetsTests#getPetsByStatusTest</h3><table class="result"><tr class="param"><th>Parameter #1</th><th>Parameter #2</th><th>Parameter #3</th><th>Parameter #4</th><th>Parameter #5</th><th>Parameter #6</th><th>Parameter #7</th><th>Parameter #8</th></tr><tr class="param stripe"><td>6</td><td>available_status</td><td>1</td><td>empty</td><td>ALL_VALID</td><td>200</td><td></td><td>org.testng.TestRunner@621b2650</td></tr></table><p class="totop"><a href="#summary">back to summary</a></p>
<h3 id="m14">com.sample.api.tests.PetsTests#getPetsByStatusTest</h3><table class="result"><tr class="param"><th>Parameter #1</th><th>Parameter #2</th><th>Parameter #3</th><th>Parameter #4</th><th>Parameter #5</th><th>Parameter #6</th><th>Parameter #7</th><th>Parameter #8</th></tr><tr class="param stripe"><td>4</td><td>invalid_status</td><td>1</td><td>invalid</td><td>ALL_VALID</td><td>200</td><td></td><td>org.testng.TestRunner@621b2650</td></tr></table><p class="totop"><a href="#summary">back to summary</a></p>
<h3 id="m15">com.sample.api.tests.PetsTests#getPetsByStatusTest</h3><table class="result"><tr class="param"><th>Parameter #1</th><th>Parameter #2</th><th>Parameter #3</th><th>Parameter #4</th><th>Parameter #5</th><th>Parameter #6</th><th>Parameter #7</th><th>Parameter #8</th></tr><tr class="param stripe"><td>2</td><td>available_status</td><td>1</td><td>available</td><td>ALL_VALID</td><td>200</td><td></td><td>org.testng.TestRunner@621b2650</td></tr></table><p class="totop"><a href="#summary">back to summary</a></p>
<h3 id="m16">com.sample.api.tests.PetsTests#getPetsByStatusTest</h3><table class="result"><tr class="param"><th>Parameter #1</th><th>Parameter #2</th><th>Parameter #3</th><th>Parameter #4</th><th>Parameter #5</th><th>Parameter #6</th><th>Parameter #7</th><th>Parameter #8</th></tr><tr class="param stripe"><td>5</td><td>available_status</td><td>1</td><td>null</td><td>ALL_VALID</td><td>200</td><td></td><td>org.testng.TestRunner@621b2650</td></tr></table><p class="totop"><a href="#summary">back to summary</a></p>
<h3 id="m17">com.sample.api.tests.PetsTests#getPetsByStatusTest</h3><table class="result"><tr class="param"><th>Parameter #1</th><th>Parameter #2</th><th>Parameter #3</th><th>Parameter #4</th><th>Parameter #5</th><th>Parameter #6</th><th>Parameter #7</th><th>Parameter #8</th></tr><tr class="param stripe"><td>1</td><td>sold_status</td><td>2</td><td>sold</td><td>ALL_VALID</td><td>200</td><td></td><td>org.testng.TestRunner@621b2650</td></tr></table><p class="totop"><a href="#summary">back to summary</a></p>
<h2>getUsers</h2><h3 id="m18">com.sample.api.tests.UsersTests#getUsersTest</h3><table class="result"><tr class="param"><th>Parameter #1</th><th>Parameter #2</th><th>Parameter #3</th><th>Parameter #4</th><th>Parameter #5</th><th>Parameter #6</th><th>Parameter #7</th></tr><tr class="param stripe"><td>2</td><td>NotExistingUser</td><td>1</td><td>ALL_VALID</td><td>404</td><td></td><td>org.testng.TestRunner@4642b9ab</td></tr></table><p class="totop"><a href="#summary">back to summary</a></p>
<h3 id="m19">com.sample.api.tests.UsersTests#getUsersTest</h3><table class="result"><tr class="param"><th>Parameter #1</th><th>Parameter #2</th><th>Parameter #3</th><th>Parameter #4</th><th>Parameter #5</th><th>Parameter #6</th><th>Parameter #7</th></tr><tr class="param stripe"><td>1</td><td>ValidUser</td><td>1</td><td>ALL_VALID</td><td>200</td><td></td><td>org.testng.TestRunner@4642b9ab</td></tr></table><p class="totop"><a href="#summary">back to summary</a></p>
<h3 id="m20">com.sample.api.tests.UsersTests#getUsersTest</h3><table class="result"><tr class="param"><th>Parameter #1</th><th>Parameter #2</th><th>Parameter #3</th><th>Parameter #4</th><th>Parameter #5</th><th>Parameter #6</th><th>Parameter #7</th></tr><tr class="param stripe"><td>2</td><td>Missing_lastName</td><td>1</td><td>ALL_VALID</td><td>200</td><td></td><td>org.testng.TestRunner@4642b9ab</td></tr></table><p class="totop"><a href="#summary">back to summary</a></p>
<h2>updateUsers</h2><h3 id="m21">com.sample.api.tests.UsersTests#updateUsersTest</h3><table class="result"><tr class="param"><th>Parameter #1</th><th>Parameter #2</th><th>Parameter #3</th><th>Parameter #4</th><th>Parameter #5</th><th>Parameter #6</th><th>Parameter #7</th></tr><tr class="param stripe"><td>2</td><td>NotExistingUser</td><td>1</td><td>ALL_VALID</td><td>404</td><td></td><td>org.testng.TestRunner@6914683e</td></tr><tr><th colspan="7">Exception</th></tr><tr><td colspan="7"><div class="stacktrace">java.lang.AssertionError: response code not matching for get api  expected [404] but found [200]
	at com.sample.api.assertions.UsersAPIAssertions.assertUpdateUserAPIResponse(UsersAPIAssertions.java:39)
	at com.sample.api.tests.UsersTests.updateUsersTest(UsersTests.java:161)
	at java.base/java.util.concurrent.FutureTask.run(FutureTask.java:264)
	at java.base/java.util.concurrent.Executors$RunnableAdapter.call(Executors.java:539)
	at java.base/java.util.concurrent.FutureTask.run(FutureTask.java:264)
	at java.base/java.util.concurrent.ThreadPoolExecutor.runWorker(ThreadPoolExecutor.java:1136)
	at java.base/java.util.concurrent.ThreadPoolExecutor$Worker.run(ThreadPoolExecutor.java:635)
	at java.base/java.lang.Thread.run(Thread.java:833)
... Removed 11 stack frames</div></td></tr></table><p class="totop"><a href="#summary">back to summary</a></p>
<h3 id="m22">com.sample.api.tests.UsersTests#updateUsersTest</h3><table class="result"><tr class="param"><th>Parameter #1</th><th>Parameter #2</th><th>Parameter #3</th><th>Parameter #4</th><th>Parameter #5</th><th>Parameter #6</th><th>Parameter #7</th></tr><tr class="param stripe"><td>2</td><td>Missing_lastName</td><td>1</td><td>ALL_VALID</td><td>200</td><td></td><td>org.testng.TestRunner@6914683e</td></tr></table><p class="totop"><a href="#summary">back to summary</a></p>
<h3 id="m23">com.sample.api.tests.UsersTests#updateUsersTest</h3><table class="result"><tr class="param"><th>Parameter #1</th><th>Parameter #2</th><th>Parameter #3</th><th>Parameter #4</th><th>Parameter #5</th><th>Parameter #6</th><th>Parameter #7</th></tr><tr class="param stripe"><td>1</td><td>ValidUser</td><td>1</td><td>ALL_VALID</td><td>200</td><td></td><td>org.testng.TestRunner@6914683e</td></tr></table><p class="totop"><a href="#summary">back to summary</a></p>
<h2>createUsers</h2><h3 id="m24">com.sample.api.tests.UsersTests#createUsersTest</h3><table class="result"><tr class="param"><th>Parameter #1</th><th>Parameter #2</th><th>Parameter #3</th><th>Parameter #4</th><th>Parameter #5</th><th>Parameter #6</th><th>Parameter #7</th></tr><tr class="param stripe"><td>6</td><td>Null</td><td>0</td><td>ALL_VALID</td><td>400</td><td></td><td>org.testng.TestRunner@1ad9e1ea</td></tr><tr><th colspan="7">Exception</th></tr><tr><td colspan="7"><div class="stacktrace">java.lang.AssertionError: response code not matching for create user expected [400] but found [405]
	at com.sample.api.assertions.UsersAPIAssertions.assertCreateApiResponse(UsersAPIAssertions.java:14)
	at com.sample.api.tests.UsersTests.createUsersTest(UsersTests.java:125)
	at java.base/java.util.concurrent.FutureTask.run(FutureTask.java:264)
	at java.base/java.util.concurrent.Executors$RunnableAdapter.call(Executors.java:539)
	at java.base/java.util.concurrent.FutureTask.run(FutureTask.java:264)
	at java.base/java.util.concurrent.ThreadPoolExecutor.runWorker(ThreadPoolExecutor.java:1136)
	at java.base/java.util.concurrent.ThreadPoolExecutor$Worker.run(ThreadPoolExecutor.java:635)
	at java.base/java.lang.Thread.run(Thread.java:833)
... Removed 11 stack frames</div></td></tr></table><p class="totop"><a href="#summary">back to summary</a></p>
<h3 id="m25">com.sample.api.tests.UsersTests#createUsersTest</h3><table class="result"><tr class="param"><th>Parameter #1</th><th>Parameter #2</th><th>Parameter #3</th><th>Parameter #4</th><th>Parameter #5</th><th>Parameter #6</th><th>Parameter #7</th></tr><tr class="param stripe"><td>5</td><td>OneValid&amp;OneMissing_username</td><td>2</td><td>ALL_VALID</td><td>207</td><td></td><td>org.testng.TestRunner@1ad9e1ea</td></tr><tr><th colspan="7">Exception</th></tr><tr><td colspan="7"><div class="stacktrace">java.lang.AssertionError: response code not matching for create user expected [207] but found [200]
	at com.sample.api.assertions.UsersAPIAssertions.assertCreateApiResponse(UsersAPIAssertions.java:14)
	at com.sample.api.tests.UsersTests.createUsersTest(UsersTests.java:125)
	at java.base/java.util.concurrent.FutureTask.run(FutureTask.java:264)
	at java.base/java.util.concurrent.Executors$RunnableAdapter.call(Executors.java:539)
	at java.base/java.util.concurrent.FutureTask.run(FutureTask.java:264)
	at java.base/java.util.concurrent.ThreadPoolExecutor.runWorker(ThreadPoolExecutor.java:1136)
	at java.base/java.util.concurrent.ThreadPoolExecutor$Worker.run(ThreadPoolExecutor.java:635)
	at java.base/java.lang.Thread.run(Thread.java:833)
... Removed 11 stack frames</div></td></tr></table><p class="totop"><a href="#summary">back to summary</a></p>
<h3 id="m26">com.sample.api.tests.UsersTests#createUsersTest</h3><table class="result"><tr class="param"><th>Parameter #1</th><th>Parameter #2</th><th>Parameter #3</th><th>Parameter #4</th><th>Parameter #5</th><th>Parameter #6</th><th>Parameter #7</th></tr><tr class="param stripe"><td>4</td><td>OneValid&amp;OneMissing_email</td><td>2</td><td>ALL_VALID</td><td>207</td><td></td><td>org.testng.TestRunner@1ad9e1ea</td></tr><tr><th colspan="7">Exception</th></tr><tr><td colspan="7"><div class="stacktrace">java.lang.AssertionError: response code not matching for create user expected [207] but found [200]
	at com.sample.api.assertions.UsersAPIAssertions.assertCreateApiResponse(UsersAPIAssertions.java:14)
	at com.sample.api.tests.UsersTests.createUsersTest(UsersTests.java:125)
	at java.base/java.util.concurrent.FutureTask.run(FutureTask.java:264)
	at java.base/java.util.concurrent.Executors$RunnableAdapter.call(Executors.java:539)
	at java.base/java.util.concurrent.FutureTask.run(FutureTask.java:264)
	at java.base/java.util.concurrent.ThreadPoolExecutor.runWorker(ThreadPoolExecutor.java:1136)
	at java.base/java.util.concurrent.ThreadPoolExecutor$Worker.run(ThreadPoolExecutor.java:635)
	at java.base/java.lang.Thread.run(Thread.java:833)
... Removed 11 stack frames</div></td></tr></table><p class="totop"><a href="#summary">back to summary</a></p>
<h3 id="m27">com.sample.api.tests.UsersTests#createUsersTest</h3><table class="result"><tr class="param"><th>Parameter #1</th><th>Parameter #2</th><th>Parameter #3</th><th>Parameter #4</th><th>Parameter #5</th><th>Parameter #6</th><th>Parameter #7</th></tr><tr class="param stripe"><td>2</td><td>Missing_id</td><td>1</td><td>ALL_VALID</td><td>400</td><td>None</td><td>org.testng.TestRunner@1ad9e1ea</td></tr><tr><th colspan="7">Exception</th></tr><tr><td colspan="7"><div class="stacktrace">java.lang.AssertionError: response code not matching for create user expected [400] but found [200]
	at com.sample.api.assertions.UsersAPIAssertions.assertCreateApiResponse(UsersAPIAssertions.java:14)
	at com.sample.api.tests.UsersTests.createUsersTest(UsersTests.java:125)
	at java.base/java.util.concurrent.FutureTask.run(FutureTask.java:264)
	at java.base/java.util.concurrent.Executors$RunnableAdapter.call(Executors.java:539)
	at java.base/java.util.concurrent.FutureTask.run(FutureTask.java:264)
	at java.base/java.util.concurrent.ThreadPoolExecutor.runWorker(ThreadPoolExecutor.java:1136)
	at java.base/java.util.concurrent.ThreadPoolExecutor$Worker.run(ThreadPoolExecutor.java:635)
	at java.base/java.lang.Thread.run(Thread.java:833)
... Removed 11 stack frames</div></td></tr></table><p class="totop"><a href="#summary">back to summary</a></p>
<h3 id="m28">com.sample.api.tests.UsersTests#createUsersTest</h3><table class="result"><tr class="param"><th>Parameter #1</th><th>Parameter #2</th><th>Parameter #3</th><th>Parameter #4</th><th>Parameter #5</th><th>Parameter #6</th><th>Parameter #7</th></tr><tr class="param stripe"><td>3</td><td>ValidUser</td><td>3</td><td>ALL_VALID</td><td>200</td><td></td><td>org.testng.TestRunner@1ad9e1ea</td></tr></table><p class="totop"><a href="#summary">back to summary</a></p>
<h3 id="m29">com.sample.api.tests.UsersTests#createUsersTest</h3><table class="result"><tr class="param"><th>Parameter #1</th><th>Parameter #2</th><th>Parameter #3</th><th>Parameter #4</th><th>Parameter #5</th><th>Parameter #6</th><th>Parameter #7</th></tr><tr class="param stripe"><td>1</td><td>ValidUser</td><td>1</td><td>ALL_VALID</td><td>200</td><td>None</td><td>org.testng.TestRunner@1ad9e1ea</td></tr></table><p class="totop"><a href="#summary">back to summary</a></p>
</body>
</html>
